05/13/2025 06:35:51 PM INFO: ----------------------------------------------------Filtering EMDB Entries-----------------------------------------------------
05/13/2025 06:35:51 PM INFO: Filtering Sample Information with Q_Score = 0.4 and Similarity_Threshold = 0%
05/13/2025 06:35:51 PM INFO: 
05/13/2025 06:35:51 PM INFO: Going Through Q-Score Filter - Removing Entries with Q-score Less Than or Equal to 0.4
05/13/2025 06:35:51 PM INFO: Entries Kept After Q-Score Filter: 173 Entries
05/13/2025 06:35:51 PM INFO: Entries Removed After Q-Score Filter: 118 Entries
05/13/2025 06:35:51 PM INFO: File Saved at /home/qiboxu/MyProject/CryoDataBot/download_file_001/Archive/Q_Score_Filter/Q_Score_Kept.csv
05/13/2025 06:35:51 PM INFO: 
05/13/2025 06:35:51 PM INFO: Going Through Manual Check Filter- Identifying Entries Without UNIPROT or ALPHAFOLD IDs
05/13/2025 06:35:51 PM INFO: Entries to Be Manually Checked: 0 Entries
05/13/2025 06:35:51 PM INFO: Entries to Be Further Filtered: 173 Entries
05/13/2025 06:35:51 PM INFO: File Saved at /home/qiboxu/MyProject/CryoDataBot/download_file_001/Archive/Manual_Check_Filter/xRef_present.csv
05/13/2025 06:35:51 PM INFO: 
05/13/2025 06:35:51 PM INFO: Going Through First Filter - Removing Non-Unique Entries
05/13/2025 06:35:51 PM INFO: Entries Kept After First Filter: 142 Entries
05/13/2025 06:35:51 PM INFO: Entries Removed After First Filter: 31 Entries
05/13/2025 06:35:51 PM INFO: File Saved at /home/qiboxu/MyProject/CryoDataBot/download_file_001/Archive/First_Filter/First_Filter_Kept.csv
05/13/2025 06:35:51 PM INFO: 
05/13/2025 06:35:51 PM INFO: Going Through Second Filter - Removing Entries with UNIPROT Similarity Less Than or Equal to 0%
05/13/2025 06:35:52 PM INFO: Entries Kept After Second Filter: 31 Entries
05/13/2025 06:35:52 PM INFO: Entries Removed After Second Filter: 111 Entries
05/13/2025 06:35:52 PM INFO: File Saved at /home/qiboxu/MyProject/CryoDataBot/download_file_001/download_file_001_Final.csv
05/13/2025 06:35:52 PM INFO: ------------------------------------------------------Filtering Completed------------------------------------------------------
05/13/2025 06:35:52 PM INFO: 
