05/13/2025 06:35:52 PM INFO: --------------------------------------------------Downloading Map & PDB Files--------------------------------------------------
05/13/2025 06:35:52 PM INFO: MetaData Path: "/home/qiboxu/MyProject/CryoDataBot/download_file_001/download_file_001_Final.csv"
05/13/2025 06:35:55 PM INFO: Downloaded: emd_14513.map
05/13/2025 06:35:56 PM INFO: Downloaded: 7z52.cif
05/13/2025 06:36:01 PM INFO: Downloaded: emd_14803.map
05/13/2025 06:36:03 PM INFO: Downloaded: 7znj.cif
05/13/2025 06:36:03 PM INFO: Downloaded: emd_31946.map
05/13/2025 06:36:04 PM INFO: Downloaded: 7vf2.cif
05/13/2025 06:36:12 PM INFO: Downloaded: emd_29677.map
05/13/2025 06:36:12 PM INFO: Downloaded: emd_10052.map
05/13/2025 06:36:13 PM INFO: Downloaded: 8g1u.cif
05/13/2025 06:36:14 PM INFO: Downloaded: emd_13046.map
05/13/2025 06:36:14 PM INFO: Downloaded: 6rxu.cif
05/13/2025 06:36:15 PM INFO: Downloaded: 7os2.cif
05/13/2025 06:36:17 PM INFO: Downloaded: emd_18199.map
05/13/2025 06:36:18 PM INFO: Downloaded: 8q6v.cif
05/13/2025 06:36:18 PM INFO: Downloaded: emd_40739.map
05/13/2025 06:36:19 PM INFO: Downloaded: 8srr.cif
05/13/2025 06:36:25 PM INFO: Downloaded: emd_47477.map
05/13/2025 06:36:25 PM INFO: Downloaded: emd_9964.map
05/13/2025 06:36:26 PM INFO: Downloaded: 9e3b.cif
05/13/2025 06:36:27 PM INFO: Downloaded: 6ke6.cif
05/13/2025 06:36:43 PM INFO: Downloaded: emd_16321.map
05/13/2025 06:36:44 PM INFO: Downloaded: 8by6.cif
05/13/2025 06:36:49 PM INFO: Downloaded: emd_23609.map
05/13/2025 06:36:50 PM INFO: Downloaded: 7m05.cif
05/13/2025 06:36:51 PM INFO: Downloaded: emd_50566.map
05/13/2025 06:36:52 PM INFO: Downloaded: 9fms.cif
05/13/2025 06:36:55 PM INFO: Downloaded: emd_31670.map
05/13/2025 06:36:56 PM INFO: Downloaded: 7v2y.cif
05/13/2025 06:36:56 PM INFO: Downloaded: emd_50173.map
05/13/2025 06:36:57 PM INFO: Downloaded: 9f3f.cif
05/13/2025 06:37:03 PM INFO: Downloaded: emd_13749.map
05/13/2025 06:37:05 PM INFO: Downloaded: emd_51234.map
05/13/2025 06:37:05 PM INFO: Downloaded: 7q0p.cif
05/13/2025 06:37:06 PM INFO: Downloaded: 9gcm.cif
05/13/2025 06:37:15 PM INFO: Downloaded: emd_30639.map
05/13/2025 06:37:16 PM INFO: Downloaded: 7dcq.cif
05/13/2025 06:37:32 PM INFO: Downloaded: emd_47157.map
05/13/2025 06:37:34 PM INFO: Downloaded: 9dtr.cif
05/13/2025 06:37:49 PM INFO: Downloaded: emd_30637.map
05/13/2025 06:37:50 PM INFO: Downloaded: emd_24307.map
05/13/2025 06:37:50 PM INFO: Downloaded: 7dco.cif
05/13/2025 06:37:52 PM INFO: Downloaded: 7r81.cif
05/13/2025 06:37:58 PM INFO: Downloaded: emd_13737.map
05/13/2025 06:37:59 PM INFO: Downloaded: emd_13112.map
05/13/2025 06:38:00 PM INFO: Downloaded: 7pzy.cif
